<?xml version="1.0" encoding="UTF-8"?>
<!-- Generated by org.testng.reporters.JUnitXMLReporter -->
<testsuite ignored="0" hostname="VIVEK" failures="1" tests="1" name="Default test(failed)" time="4.954" errors="0" timestamp="2022-04-15T17:28:27 IST">
  <testcase classname="com.actitime.testscripts.VerifyTitle1" name="testVerifyTitle" time="4.896">
    <failure type="java.lang.AssertionError" message="expected [Doogle] but found [Google]">
      <![CDATA[java.lang.AssertionError: expected [Doogle] but found [Google]
at com.actitime.testscripts.VerifyTitle1.testVerifyTitle(VerifyTitle1.java:19)
at java.base/java.util.ArrayList.forEach(ArrayList.java:1511)
... Removed 33 stack frames]]>
    </failure>
  </testcase> <!-- testVerifyTitle -->
</testsuite> <!-- Default test(failed) -->
